<?xml version="1.0" encoding="UTF-8"?>
<testsuite xmlns:xsi="http://www.w3.org/2001/XMLSchema-instance" xsi:noNamespaceSchemaLocation="https://maven.apache.org/surefire/maven-surefire-plugin/xsd/surefire-test-report.xsd" name="poc.ddd.demo.films.application.increment.FilmsScoreUpdaterTest" time="0.031" tests="2" errors="0" skipped="0" failures="0">
  <properties>
[...]
</properties>
  <testcase name="should_update_score" classname="poc.ddd.demo.films.application.increment.FilmsScoreUpdaterTest" time="0.019"/>
  <testcase name="should_not_update_score" classname="poc.ddd.demo.films.application.increment.FilmsScoreUpdaterTest" time="0.004"/>
</testsuite>